[35m[1mConsolidate compiler generated dependencies of target lifecycle_manager[0m
[ 66%] Built target lifecycle_subscriber
[ 66%] Built target lifecycle_publisher
[ 83%] [32mBuilding CXX object CMakeFiles/lifecycle_manager.dir/src/lifecycle_manager.cpp.o[0m
[01m[K/home/alen/Desktop/Challenge_WS/src/demo/src/lifecycle_manager.cpp:[m[K In member function â€˜[01m[Kvoid LifecycleManager::shutdown_all()[m[Kâ€™:
[01m[K/home/alen/Desktop/Challenge_WS/src/demo/src/lifecycle_manager.cpp:101:62:[m[K [01;31m[Kerror: [m[Kâ€˜[01m[KTRANSITION_SHUTDOWN[m[Kâ€™ is not a member of â€˜[01m[Klifecycle_msgs::msg::Transition[m[Kâ€™ {aka â€˜[01m[Klifecycle_msgs::msg::Transition_<std::allocator<void> >[m[Kâ€™}
  101 |     call_change_state(node, lifecycle_msgs::msg::Transition::[01;31m[KTRANSITION_SHUTDOWN[m[K);
      |                                                              [01;31m[K^~~~~~~~~~~~~~~~~~~[m[K
gmake[2]: *** [CMakeFiles/lifecycle_manager.dir/build.make:76: CMakeFiles/lifecycle_manager.dir/src/lifecycle_manager.cpp.o] Error 1
gmake[1]: *** [CMakeFiles/Makefile2:193: CMakeFiles/lifecycle_manager.dir/all] Error 2
gmake: *** [Makefile:146: all] Error 2
