[0.016s] Invoking command in '/home/alen/Desktop/Challenge_WS/build/demo': CMAKE_PREFIX_PATH=/opt/ros/humble /usr/bin/cmake --build /home/alen/Desktop/Challenge_WS/build/demo -- -j16 -l16
[0.060s] [35m[1mConsolidate compiler generated dependencies of target lifecycle_subscriber[0m
[0.061s] [35m[1mConsolidate compiler generated dependencies of target lifecycle_publisher[0m
[0.074s] [ 33%] Built target lifecycle_manager
[0.086s] [ 66%] [32mBuilding CXX object CMakeFiles/lifecycle_publisher.dir/src/lifecycle_publisher.cpp.o[0m
[0.086s] [ 66%] [32mBuilding CXX object CMakeFiles/lifecycle_subscriber.dir/src/lifecycle_subscriber.cpp.o[0m
[2.158s] [01m[K/home/alen/Desktop/Challenge_WS/src/demo/src/lifecycle_subscriber.cpp:[m[K In constructor â€˜[01m[KLifecycleSubscriber::LifecycleSubscriber()[m[Kâ€™:
[2.158s] [01m[K/home/alen/Desktop/Challenge_WS/src/demo/src/lifecycle_subscriber.cpp:15:29:[m[K [01;31m[Kerror: [m[Kexpected unqualified-id before â€˜[01m[Knamespace[m[Kâ€™
[2.158s]    15 |       rclcpp::NodeOptions().[01;31m[Knamespace[m[K("/demo")
[2.158s]       |                             [01;31m[K^~~~~~~~~[m[K
[2.175s] [01m[K/home/alen/Desktop/Challenge_WS/src/demo/src/lifecycle_publisher.cpp:24:4:[m[K [01;31m[Kerror: [m[Kexpected â€˜[01m[K;[m[Kâ€™ after class definition
[2.175s]    24 |   }
[2.176s]       |    [01;31m[K^[m[K
[2.176s]       |    [32m[K;[m[K
[2.176s] [01m[K/home/alen/Desktop/Challenge_WS/src/demo/src/lifecycle_publisher.cpp:[m[K In constructor â€˜[01m[KLifecyclePublisher::LifecyclePublisher()[m[Kâ€™:
[2.176s] [01m[K/home/alen/Desktop/Challenge_WS/src/demo/src/lifecycle_publisher.cpp:16:91:[m[K [01;31m[Kerror: [m[Kâ€˜[01m[Kclass rclcpp::NodeOptions[m[Kâ€™ has no member named â€˜[01m[Knamespace_[m[Kâ€™
[2.176s]    16 | _lifecycle::LifecycleNode("publisher",rclcpp::NodeOptions().[01;31m[Knamespace_[m[K("/demo"))LifecyclePublisher()
[2.176s]       |                                                             [01;31m[K^~~~~~~~~~[m[K
[2.176s] 
[2.176s] [01m[K/home/alen/Desktop/Challenge_WS/src/demo/src/lifecycle_publisher.cpp:16:111:[m[K [01;31m[Kerror: [m[Kexpected â€˜[01m[K{[m[Kâ€™ before â€˜[01m[KLifecyclePublisher[m[Kâ€™
[2.176s]    16 | eNode("publisher",rclcpp::NodeOptions().namespace_("/demo"))[01;31m[KLifecyclePublisher[m[K()
[2.176s]       |                                                             [01;31m[K^~~~~~~~~~~~~~~~~~[m[K
[2.177s] 
[2.177s] [01m[K/home/alen/Desktop/Challenge_WS/src/demo/src/lifecycle_publisher.cpp:[m[K At global scope:
[2.177s] [01m[K/home/alen/Desktop/Challenge_WS/src/demo/src/lifecycle_publisher.cpp:26:1:[m[K [01;31m[Kerror: [m[Kexpected unqualified-id before â€˜[01m[Kprotected[m[Kâ€™
[2.177s]    26 | [01;31m[Kprotected[m[K:
[2.177s]       | [01;31m[K^~~~~~~~~[m[K
[2.177s] [01m[K/home/alen/Desktop/Challenge_WS/src/demo/src/lifecycle_publisher.cpp:52:63:[m[K [01;31m[Kerror: [m[Kvirt-specifiers in â€˜[01m[Kon_activate[m[Kâ€™ not allowed outside a class definition
[2.177s]    52 |   CallbackReturn on_activate(const rclcpp_lifecycle::State &) [01;31m[Koverride[m[K
[2.177s]       |                                                               [01;31m[K^~~~~~~~[m[K
[2.177s] In file included from [01m[K/opt/ros/humble/include/rclcpp/rclcpp/client.hpp:40[m[K,
[2.177s]                  from [01m[K/opt/ros/humble/include/rclcpp/rclcpp/callback_group.hpp:24[m[K,
[2.177s]                  from [01m[K/opt/ros/humble/include/rclcpp/rclcpp/any_executable.hpp:20[m[K,
[2.177s]                  from [01m[K/opt/ros/humble/include/rclcpp/rclcpp/memory_strategy.hpp:25[m[K,
[2.177s]                  from [01m[K/opt/ros/humble/include/rclcpp/rclcpp/memory_strategies.hpp:18[m[K,
[2.177s]                  from [01m[K/opt/ros/humble/include/rclcpp/rclcpp/executor_options.hpp:20[m[K,
[2.177s]                  from [01m[K/opt/ros/humble/include/rclcpp/rclcpp/executor.hpp:37[m[K,
[2.177s]                  from [01m[K/opt/ros/humble/include/rclcpp/rclcpp/executors/multi_threaded_executor.hpp:25[m[K,
[2.177s]                  from [01m[K/opt/ros/humble/include/rclcpp/rclcpp/executors.hpp:21[m[K,
[2.178s]                  from [01m[K/opt/ros/humble/include/rclcpp/rclcpp/rclcpp.hpp:155[m[K,
[2.178s]                  from [01m[K/home/alen/Desktop/Challenge_WS/src/demo/src/lifecycle_publisher.cpp:4[m[K:
[2.178s] [01m[K/home/alen/Desktop/Challenge_WS/src/demo/src/lifecycle_publisher.cpp:[m[K In function â€˜[01m[KCallbackReturn on_activate(const rclcpp_lifecycle::State&)[m[Kâ€™:
[2.178s] [01m[K/home/alen/Desktop/Challenge_WS/src/demo/src/lifecycle_publisher.cpp:54:17:[m[K [01;31m[Kerror: [m[Kâ€˜[01m[Kget_logger[m[Kâ€™ was not declared in this scope; did you mean â€˜[01m[Krclcpp::get_logger[m[Kâ€™?
[2.178s]    54 |     RCLCPP_INFO([01;31m[Kget_logger[m[K(), "Activating publisher...");
[2.178s]       |                 [01;31m[K^~~~~~~~~~[m[K
[2.178s] In file included from [01m[K/opt/ros/humble/include/rclcpp/rclcpp/logging.hpp:23[m[K,
[2.178s]                  from [01m[K/opt/ros/humble/include/rclcpp/rclcpp/client.hpp:40[m[K,
[2.178s]                  from [01m[K/opt/ros/humble/include/rclcpp/rclcpp/callback_group.hpp:24[m[K,
[2.178s]                  from [01m[K/opt/ros/humble/include/rclcpp/rclcpp/any_executable.hpp:20[m[K,
[2.178s]                  from [01m[K/opt/ros/humble/include/rclcpp/rclcpp/memory_strategy.hpp:25[m[K,
[2.178s]                  from [01m[K/opt/ros/humble/include/rclcpp/rclcpp/memory_strategies.hpp:18[m[K,
[2.178s]                  from [01m[K/opt/ros/humble/include/rclcpp/rclcpp/executor_options.hpp:20[m[K,
[2.178s]                  from [01m[K/opt/ros/humble/include/rclcpp/rclcpp/executor.hpp:37[m[K,
[2.178s]                  from [01m[K/opt/ros/humble/include/rclcpp/rclcpp/executors/multi_threaded_executor.hpp:25[m[K,
[2.178s]                  from [01m[K/opt/ros/humble/include/rclcpp/rclcpp/executors.hpp:21[m[K,
[2.178s]                  from [01m[K/opt/ros/humble/include/rclcpp/rclcpp/rclcpp.hpp:155[m[K,
[2.179s]                  from [01m[K/home/alen/Desktop/Challenge_WS/src/demo/src/lifecycle_publisher.cpp:4[m[K:
[2.179s] [01m[K/opt/ros/humble/include/rclcpp/rclcpp/logger.hpp:106:17:[m[K [01;36m[Knote: [m[Kâ€˜[01m[Krclcpp::get_logger[m[Kâ€™ declared here
[2.179s]   106 |   friend Logger [01;36m[Krclcpp[m[K::get_logger(const std::string & name);
[2.179s]       |                 [01;36m[K^~~~~~[m[K
[2.179s] In file included from [01m[K/opt/ros/humble/include/rclcpp/rclcpp/client.hpp:40[m[K,
[2.179s]                  from [01m[K/opt/ros/humble/include/rclcpp/rclcpp/callback_group.hpp:24[m[K,
[2.179s]                  from [01m[K/opt/ros/humble/include/rclcpp/rclcpp/any_executable.hpp:20[m[K,
[2.179s]                  from [01m[K/opt/ros/humble/include/rclcpp/rclcpp/memory_strategy.hpp:25[m[K,
[2.179s]                  from [01m[K/opt/ros/humble/include/rclcpp/rclcpp/memory_strategies.hpp:18[m[K,
[2.179s]                  from [01m[K/opt/ros/humble/include/rclcpp/rclcpp/executor_options.hpp:20[m[K,
[2.179s]                  from [01m[K/opt/ros/humble/include/rclcpp/rclcpp/executor.hpp:37[m[K,
[2.179s]                  from [01m[K/opt/ros/humble/include/rclcpp/rclcpp/executors/multi_threaded_executor.hpp:25[m[K,
[2.179s]                  from [01m[K/opt/ros/humble/include/rclcpp/rclcpp/executors.hpp:21[m[K,
[2.179s]                  from [01m[K/opt/ros/humble/include/rclcpp/rclcpp/rclcpp.hpp:155[m[K,
[2.179s]                  from [01m[K/home/alen/Desktop/Challenge_WS/src/demo/src/lifecycle_publisher.cpp:4[m[K:
[2.179s] [01m[K/home/alen/Desktop/Challenge_WS/src/demo/src/lifecycle_publisher.cpp:54:5:[m[K [01;31m[Kerror: [m[Ktemplate argument 1 is invalid
[2.180s]    54 |     [01;31m[KRCLCPP_INFO[m[K(get_logger(), "Activating publisher...");
[2.180s]       |     [01;31m[K^~~~~~~~~~~[m[K
[2.180s] [01m[K/home/alen/Desktop/Challenge_WS/src/demo/src/lifecycle_publisher.cpp:54:5:[m[K [01;31m[Kerror: [m[Ktemplate argument 1 is invalid
[2.180s]    54 |     [01;31m[KRCLCPP_INFO[m[K(get_logger(), "Activating publisher...");
[2.180s]       |     [01;31m[K^~~~~~~~~~~[m[K
[2.180s] [01m[K/home/alen/Desktop/Challenge_WS/src/demo/src/lifecycle_publisher.cpp:54:5:[m[K [01;31m[Kerror: [m[Ktemplate argument 1 is invalid
[2.180s]    54 |     [01;31m[KRCLCPP_INFO[m[K(get_logger(), "Activating publisher...");
[2.180s]       |     [01;31m[K^~~~~~~~~~~[m[K
[2.180s] [01m[K/home/alen/Desktop/Challenge_WS/src/demo/src/lifecycle_publisher.cpp:55:5:[m[K [01;31m[Kerror: [m[Kâ€˜[01m[Kpublisher_[m[Kâ€™ was not declared in this scope; did you mean â€˜[01m[Krmw_publisher_t[m[Kâ€™?
[2.180s]    55 |     [01;31m[Kpublisher_[m[K->on_activate();
[2.180s]       |     [01;31m[K^~~~~~~~~~[m[K
[2.180s]       |     [32m[Krmw_publisher_t[m[K
[2.183s] [01m[K/home/alen/Desktop/Challenge_WS/src/demo/src/lifecycle_publisher.cpp:56:5:[m[K [01;31m[Kerror: [m[Kâ€˜[01m[Ktimer_[m[Kâ€™ was not declared in this scope; did you mean â€˜[01m[Ktimer_t[m[Kâ€™?
[2.183s]    56 |     [01;31m[Ktimer_[m[K->reset();
[2.183s]       |     [01;31m[K^~~~~~[m[K
[2.183s]       |     [32m[Ktimer_t[m[K
[2.184s] [01m[K/home/alen/Desktop/Challenge_WS/src/demo/src/lifecycle_publisher.cpp:[m[K At global scope:
[2.184s] [01m[K/home/alen/Desktop/Challenge_WS/src/demo/src/lifecycle_publisher.cpp:60:65:[m[K [01;31m[Kerror: [m[Kvirt-specifiers in â€˜[01m[Kon_deactivate[m[Kâ€™ not allowed outside a class definition
[2.184s]    60 |  CallbackReturn on_deactivate(const rclcpp_lifecycle::State &) [01;31m[Koverride[m[K
[2.184s]       |                                                                [01;31m[K^~~~~~~~[m[K
[2.184s] 
[2.184s] In file included from [01m[K/opt/ros/humble/include/rclcpp/rclcpp/client.hpp:40[m[K,
[2.184s]                  from [01m[K/opt/ros/humble/include/rclcpp/rclcpp/callback_group.hpp:24[m[K,
[2.184s]                  from [01m[K/opt/ros/humble/include/rclcpp/rclcpp/any_executable.hpp:20[m[K,
[2.184s]                  from [01m[K/opt/ros/humble/include/rclcpp/rclcpp/memory_strategy.hpp:25[m[K,
[2.184s]                  from [01m[K/opt/ros/humble/include/rclcpp/rclcpp/memory_strategies.hpp:18[m[K,
[2.184s]                  from [01m[K/opt/ros/humble/include/rclcpp/rclcpp/executor_options.hpp:20[m[K,
[2.184s]                  from [01m[K/opt/ros/humble/include/rclcpp/rclcpp/executor.hpp:37[m[K,
[2.185s]                  from [01m[K/opt/ros/humble/include/rclcpp/rclcpp/executors/multi_threaded_executor.hpp:25[m[K,
[2.185s]                  from [01m[K/opt/ros/humble/include/rclcpp/rclcpp/executors.hpp:21[m[K,
[2.185s]                  from [01m[K/opt/ros/humble/include/rclcpp/rclcpp/rclcpp.hpp:155[m[K,
[2.185s]                  from [01m[K/home/alen/Desktop/Challenge_WS/src/demo/src/lifecycle_publisher.cpp:4[m[K:
[2.185s] [01m[K/home/alen/Desktop/Challenge_WS/src/demo/src/lifecycle_publisher.cpp:[m[K In function â€˜[01m[KCallbackReturn on_deactivate(const rclcpp_lifecycle::State&)[m[Kâ€™:
[2.185s] [01m[K/home/alen/Desktop/Challenge_WS/src/demo/src/lifecycle_publisher.cpp:62:17:[m[K [01;31m[Kerror: [m[Kâ€˜[01m[Kget_logger[m[Kâ€™ was not declared in this scope; did you mean â€˜[01m[Krclcpp::get_logger[m[Kâ€™?
[2.185s]    62 |     RCLCPP_INFO([01;31m[Kget_logger[m[K(), "Deactivating publisher...");
[2.185s]       |                 [01;31m[K^~~~~~~~~~[m[K
[2.185s] In file included from [01m[K/opt/ros/humble/include/rclcpp/rclcpp/logging.hpp:23[m[K,
[2.185s]                  from [01m[K/opt/ros/humble/include/rclcpp/rclcpp/client.hpp:40[m[K,
[2.185s]                  from [01m[K/opt/ros/humble/include/rclcpp/rclcpp/callback_group.hpp:24[m[K,
[2.185s]                  from [01m[K/opt/ros/humble/include/rclcpp/rclcpp/any_executable.hpp:20[m[K,
[2.185s]                  from [01m[K/opt/ros/humble/include/rclcpp/rclcpp/memory_strategy.hpp:25[m[K,
[2.185s]                  from [01m[K/opt/ros/humble/include/rclcpp/rclcpp/memory_strategies.hpp:18[m[K,
[2.185s]                  from [01m[K/opt/ros/humble/include/rclcpp/rclcpp/executor_options.hpp:20[m[K,
[2.185s]                  from [01m[K/opt/ros/humble/include/rclcpp/rclcpp/executor.hpp:37[m[K,
[2.186s]                  from [01m[K/opt/ros/humble/include/rclcpp/rclcpp/executors/multi_threaded_executor.hpp:25[m[K,
[2.186s]                  from [01m[K/opt/ros/humble/include/rclcpp/rclcpp/executors.hpp:21[m[K,
[2.186s]                  from [01m[K/opt/ros/humble/include/rclcpp/rclcpp/rclcpp.hpp:155[m[K,
[2.186s]                  from [01m[K/home/alen/Desktop/Challenge_WS/src/demo/src/lifecycle_publisher.cpp:4[m[K:
[2.186s] [01m[K/opt/ros/humble/include/rclcpp/rclcpp/logger.hpp:106:17:[m[K [01;36m[Knote: [m[Kâ€˜[01m[Krclcpp::get_logger[m[Kâ€™ declared here
[2.186s]   106 |   friend Logger [01;36m[Krclcpp[m[K::get_logger(const std::string & name);
[2.186s]       |                 [01;36m[K^~~~~~[m[K
[2.186s] In file included from [01m[K/opt/ros/humble/include/rclcpp/rclcpp/client.hpp:40[m[K,
[2.186s]                  from [01m[K/opt/ros/humble/include/rclcpp/rclcpp/callback_group.hpp:24[m[K,
[2.186s]                  from [01m[K/opt/ros/humble/include/rclcpp/rclcpp/any_executable.hpp:20[m[K,
[2.186s]                  from [01m[K/opt/ros/humble/include/rclcpp/rclcpp/memory_strategy.hpp:25[m[K,
[2.186s]                  from [01m[K/opt/ros/humble/include/rclcpp/rclcpp/memory_strategies.hpp:18[m[K,
[2.186s]                  from [01m[K/opt/ros/humble/include/rclcpp/rclcpp/executor_options.hpp:20[m[K,
[2.186s]                  from [01m[K/opt/ros/humble/include/rclcpp/rclcpp/executor.hpp:37[m[K,
[2.186s]                  from [01m[K/opt/ros/humble/include/rclcpp/rclcpp/executors/multi_threaded_executor.hpp:25[m[K,
[2.186s]                  from [01m[K/opt/ros/humble/include/rclcpp/rclcpp/executors.hpp:21[m[K,
[2.187s]                  from [01m[K/opt/ros/humble/include/rclcpp/rclcpp/rclcpp.hpp:155[m[K,
[2.187s]                  from [01m[K/home/alen/Desktop/Challenge_WS/src/demo/src/lifecycle_publisher.cpp:4[m[K:
[2.187s] [01m[K/home/alen/Desktop/Challenge_WS/src/demo/src/lifecycle_publisher.cpp:62:5:[m[K [01;31m[Kerror: [m[Ktemplate argument 1 is invalid
[2.187s]    62 |     [01;31m[KRCLCPP_INFO[m[K(get_logger(), "Deactivating publisher...");
[2.187s]       |     [01;31m[K^~~~~~~~~~~[m[K
[2.187s] [01m[K/home/alen/Desktop/Challenge_WS/src/demo/src/lifecycle_publisher.cpp:62:5:[m[K [01;31m[Kerror: [m[Ktemplate argument 1 is invalid
[2.187s]    62 |     [01;31m[KRCLCPP_INFO[m[K(get_logger(), "Deactivating publisher...");
[2.187s]       |     [01;31m[K^~~~~~~~~~~[m[K
[2.187s] [01m[K/home/alen/Desktop/Challenge_WS/src/demo/src/lifecycle_publisher.cpp:62:5:[m[K [01;31m[Kerror: [m[Ktemplate argument 1 is invalid
[2.187s]    62 |     [01;31m[KRCLCPP_INFO[m[K(get_logger(), "Deactivating publisher...");
[2.187s]       |     [01;31m[K^~~~~~~~~~~[m[K
[2.187s] [01m[K/home/alen/Desktop/Challenge_WS/src/demo/src/lifecycle_publisher.cpp:63:5:[m[K [01;31m[Kerror: [m[Kâ€˜[01m[Kpublisher_[m[Kâ€™ was not declared in this scope; did you mean â€˜[01m[Krmw_publisher_t[m[Kâ€™?
[2.187s]    63 |     [01;31m[Kpublisher_[m[K->on_deactivate();
[2.187s]       |     [01;31m[K^~~~~~~~~~[m[K
[2.187s]       |     [32m[Krmw_publisher_t[m[K
[2.190s] [01m[K/home/alen/Desktop/Challenge_WS/src/demo/src/lifecycle_publisher.cpp:64:5:[m[K [01;31m[Kerror: [m[Kâ€˜[01m[Ktimer_[m[Kâ€™ was not declared in this scope; did you mean â€˜[01m[Ktimer_t[m[Kâ€™?
[2.190s]    64 |     [01;31m[Ktimer_[m[K->cancel();
[2.190s]       |     [01;31m[K^~~~~~[m[K
[2.190s]       |     [32m[Ktimer_t[m[K
[2.190s] [01m[K/home/alen/Desktop/Challenge_WS/src/demo/src/lifecycle_publisher.cpp:[m[K At global scope:
[2.191s] [01m[K/home/alen/Desktop/Challenge_WS/src/demo/src/lifecycle_publisher.cpp:68:62:[m[K [01;31m[Kerror: [m[Kvirt-specifiers in â€˜[01m[Kon_cleanup[m[Kâ€™ not allowed outside a class definition
[2.191s]    68 |   CallbackReturn on_cleanup(const rclcpp_lifecycle::State &) [01;31m[Koverride[m[K
[2.191s]       |                                                              [01;31m[K^~~~~~~~[m[K
[2.191s] In file included from [01m[K/opt/ros/humble/include/rclcpp/rclcpp/client.hpp:40[m[K,
[2.191s]                  from [01m[K/opt/ros/humble/include/rclcpp/rclcpp/callback_group.hpp:24[m[K,
[2.192s]                  from [01m[K/opt/ros/humble/include/rclcpp/rclcpp/any_executable.hpp:20[m[K,
[2.192s]                  from [01m[K/opt/ros/humble/include/rclcpp/rclcpp/memory_strategy.hpp:25[m[K,
[2.192s]                  from [01m[K/opt/ros/humble/include/rclcpp/rclcpp/memory_strategies.hpp:18[m[K,
[2.192s]                  from [01m[K/opt/ros/humble/include/rclcpp/rclcpp/executor_options.hpp:20[m[K,
[2.192s]                  from [01m[K/opt/ros/humble/include/rclcpp/rclcpp/executor.hpp:37[m[K,
[2.192s]                  from [01m[K/opt/ros/humble/include/rclcpp/rclcpp/executors/multi_threaded_executor.hpp:25[m[K,
[2.192s]                  from [01m[K/opt/ros/humble/include/rclcpp/rclcpp/executors.hpp:21[m[K,
[2.192s]                  from [01m[K/opt/ros/humble/include/rclcpp/rclcpp/rclcpp.hpp:155[m[K,
[2.192s]                  from [01m[K/home/alen/Desktop/Challenge_WS/src/demo/src/lifecycle_publisher.cpp:4[m[K:
[2.192s] [01m[K/home/alen/Desktop/Challenge_WS/src/demo/src/lifecycle_publisher.cpp:[m[K In function â€˜[01m[KCallbackReturn on_cleanup(const rclcpp_lifecycle::State&)[m[Kâ€™:
[2.192s] [01m[K/home/alen/Desktop/Challenge_WS/src/demo/src/lifecycle_publisher.cpp:70:17:[m[K [01;31m[Kerror: [m[Kâ€˜[01m[Kget_logger[m[Kâ€™ was not declared in this scope; did you mean â€˜[01m[Krclcpp::get_logger[m[Kâ€™?
[2.192s]    70 |     RCLCPP_INFO([01;31m[Kget_logger[m[K(), "Cleaning up publisher...");
[2.192s]       |                 [01;31m[K^~~~~~~~~~[m[K
[2.193s] In file included from [01m[K/opt/ros/humble/include/rclcpp/rclcpp/logging.hpp:23[m[K,
[2.193s]                  from [01m[K/opt/ros/humble/include/rclcpp/rclcpp/client.hpp:40[m[K,
[2.193s]                  from [01m[K/opt/ros/humble/include/rclcpp/rclcpp/callback_group.hpp:24[m[K,
[2.193s]                  from [01m[K/opt/ros/humble/include/rclcpp/rclcpp/any_executable.hpp:20[m[K,
[2.193s]                  from [01m[K/opt/ros/humble/include/rclcpp/rclcpp/memory_strategy.hpp:25[m[K,
[2.193s]                  from [01m[K/opt/ros/humble/include/rclcpp/rclcpp/memory_strategies.hpp:18[m[K,
[2.193s]                  from [01m[K/opt/ros/humble/include/rclcpp/rclcpp/executor_options.hpp:20[m[K,
[2.193s]                  from [01m[K/opt/ros/humble/include/rclcpp/rclcpp/executor.hpp:37[m[K,
[2.193s]                  from [01m[K/opt/ros/humble/include/rclcpp/rclcpp/executors/multi_threaded_executor.hpp:25[m[K,
[2.193s]                  from [01m[K/opt/ros/humble/include/rclcpp/rclcpp/executors.hpp:21[m[K,
[2.193s]                  from [01m[K/opt/ros/humble/include/rclcpp/rclcpp/rclcpp.hpp:155[m[K,
[2.193s]                  from [01m[K/home/alen/Desktop/Challenge_WS/src/demo/src/lifecycle_publisher.cpp:4[m[K:
[2.193s] [01m[K/opt/ros/humble/include/rclcpp/rclcpp/logger.hpp:106:17:[m[K [01;36m[Knote: [m[Kâ€˜[01m[Krclcpp::get_logger[m[Kâ€™ declared here
[2.193s]   106 |   friend Logger [01;36m[Krclcpp[m[K::get_logger(const std::string & name);
[2.193s]       |                 [01;36m[K^~~~~~[m[K
[2.193s] In file included from [01m[K/opt/ros/humble/include/rclcpp/rclcpp/client.hpp:40[m[K,
[2.193s]                  from [01m[K/opt/ros/humble/include/rclcpp/rclcpp/callback_group.hpp:24[m[K,
[2.194s]                  from [01m[K/opt/ros/humble/include/rclcpp/rclcpp/any_executable.hpp:20[m[K,
[2.194s]                  from [01m[K/opt/ros/humble/include/rclcpp/rclcpp/memory_strategy.hpp:25[m[K,
[2.194s]                  from [01m[K/opt/ros/humble/include/rclcpp/rclcpp/memory_strategies.hpp:18[m[K,
[2.194s]                  from [01m[K/opt/ros/humble/include/rclcpp/rclcpp/executor_options.hpp:20[m[K,
[2.194s]                  from [01m[K/opt/ros/humble/include/rclcpp/rclcpp/executor.hpp:37[m[K,
[2.194s]                  from [01m[K/opt/ros/humble/include/rclcpp/rclcpp/executors/multi_threaded_executor.hpp:25[m[K,
[2.194s]                  from [01m[K/opt/ros/humble/include/rclcpp/rclcpp/executors.hpp:21[m[K,
[2.194s]                  from [01m[K/opt/ros/humble/include/rclcpp/rclcpp/rclcpp.hpp:155[m[K,
[2.194s]                  from [01m[K/home/alen/Desktop/Challenge_WS/src/demo/src/lifecycle_publisher.cpp:4[m[K:
[2.194s] [01m[K/home/alen/Desktop/Challenge_WS/src/demo/src/lifecycle_publisher.cpp:70:5:[m[K [01;31m[Kerror: [m[Ktemplate argument 1 is invalid
[2.194s]    70 |     [01;31m[KRCLCPP_INFO[m[K(get_logger(), "Cleaning up publisher...");
[2.194s]       |     [01;31m[K^~~~~~~~~~~[m[K
[2.194s] [01m[K/home/alen/Desktop/Challenge_WS/src/demo/src/lifecycle_publisher.cpp:70:5:[m[K [01;31m[Kerror: [m[Ktemplate argument 1 is invalid
[2.195s]    70 |     [01;31m[KRCLCPP_INFO[m[K(get_logger(), "Cleaning up publisher...");
[2.195s]       |     [01;31m[K^~~~~~~~~~~[m[K
[2.195s] [01m[K/home/alen/Desktop/Challenge_WS/src/demo/src/lifecycle_publisher.cpp:70:5:[m[K [01;31m[Kerror: [m[Ktemplate argument 1 is invalid
[2.195s]    70 |     [01;31m[KRCLCPP_INFO[m[K(get_logger(), "Cleaning up publisher...");
[2.195s]       |     [01;31m[K^~~~~~~~~~~[m[K
[2.195s] [01m[K/home/alen/Desktop/Challenge_WS/src/demo/src/lifecycle_publisher.cpp:71:5:[m[K [01;31m[Kerror: [m[Kâ€˜[01m[Kpublisher_[m[Kâ€™ was not declared in this scope; did you mean â€˜[01m[Krmw_publisher_t[m[Kâ€™?
[2.195s]    71 |     [01;31m[Kpublisher_[m[K.reset();
[2.195s]       |     [01;31m[K^~~~~~~~~~[m[K
[2.195s]       |     [32m[Krmw_publisher_t[m[K
[2.198s] [01m[K/home/alen/Desktop/Challenge_WS/src/demo/src/lifecycle_publisher.cpp:72:5:[m[K [01;31m[Kerror: [m[Kâ€˜[01m[Ktimer_[m[Kâ€™ was not declared in this scope; did you mean â€˜[01m[Ktimer_t[m[Kâ€™?
[2.198s]    72 |     [01;31m[Ktimer_[m[K.reset();
[2.198s]       |     [01;31m[K^~~~~~[m[K
[2.198s]       |     [32m[Ktimer_t[m[K
[2.198s] [01m[K/home/alen/Desktop/Challenge_WS/src/demo/src/lifecycle_publisher.cpp:[m[K At global scope:
[2.198s] [01m[K/home/alen/Desktop/Challenge_WS/src/demo/src/lifecycle_publisher.cpp:76:63:[m[K [01;31m[Kerror: [m[Kvirt-specifiers in â€˜[01m[Kon_shutdown[m[Kâ€™ not allowed outside a class definition
[2.199s]    76 |   CallbackReturn on_shutdown(const rclcpp_lifecycle::State &) [01;31m[Koverride[m[K
[2.199s]       |                                                               [01;31m[K^~~~~~~~[m[K
[2.199s] In file included from [01m[K/opt/ros/humble/include/rclcpp/rclcpp/client.hpp:40[m[K,
[2.199s]                  from [01m[K/opt/ros/humble/include/rclcpp/rclcpp/callback_group.hpp:24[m[K,
[2.199s]                  from [01m[K/opt/ros/humble/include/rclcpp/rclcpp/any_executable.hpp:20[m[K,
[2.199s]                  from [01m[K/opt/ros/humble/include/rclcpp/rclcpp/memory_strategy.hpp:25[m[K,
[2.200s]                  from [01m[K/opt/ros/humble/include/rclcpp/rclcpp/memory_strategies.hpp:18[m[K,
[2.200s]                  from [01m[K/opt/ros/humble/include/rclcpp/rclcpp/executor_options.hpp:20[m[K,
[2.200s]                  from [01m[K/opt/ros/humble/include/rclcpp/rclcpp/executor.hpp:37[m[K,
[2.200s]                  from [01m[K/opt/ros/humble/include/rclcpp/rclcpp/executors/multi_threaded_executor.hpp:25[m[K,
[2.200s]                  from [01m[K/opt/ros/humble/include/rclcpp/rclcpp/executors.hpp:21[m[K,
[2.200s]                  from [01m[K/opt/ros/humble/include/rclcpp/rclcpp/rclcpp.hpp:155[m[K,
[2.200s]                  from [01m[K/home/alen/Desktop/Challenge_WS/src/demo/src/lifecycle_publisher.cpp:4[m[K:
[2.200s] [01m[K/home/alen/Desktop/Challenge_WS/src/demo/src/lifecycle_publisher.cpp:[m[K In function â€˜[01m[KCallbackReturn on_shutdown(const rclcpp_lifecycle::State&)[m[Kâ€™:
[2.200s] [01m[K/home/alen/Desktop/Challenge_WS/src/demo/src/lifecycle_publisher.cpp:78:17:[m[K [01;31m[Kerror: [m[Kâ€˜[01m[Kget_logger[m[Kâ€™ was not declared in this scope; did you mean â€˜[01m[Krclcpp::get_logger[m[Kâ€™?
[2.200s]    78 |     RCLCPP_INFO([01;31m[Kget_logger[m[K(), "Shutting down publisher...");
[2.200s]       |                 [01;31m[K^~~~~~~~~~[m[K
[2.200s] In file included from [01m[K/opt/ros/humble/include/rclcpp/rclcpp/logging.hpp:23[m[K,
[2.200s]                  from [01m[K/opt/ros/humble/include/rclcpp/rclcpp/client.hpp:40[m[K,
[2.201s]                  from [01m[K/opt/ros/humble/include/rclcpp/rclcpp/callback_group.hpp:24[m[K,
[2.201s]                  from [01m[K/opt/ros/humble/include/rclcpp/rclcpp/any_executable.hpp:20[m[K,
[2.201s]                  from [01m[K/opt/ros/humble/include/rclcpp/rclcpp/memory_strategy.hpp:25[m[K,
[2.201s]                  from [01m[K/opt/ros/humble/include/rclcpp/rclcpp/memory_strategies.hpp:18[m[K,
[2.201s]                  from [01m[K/opt/ros/humble/include/rclcpp/rclcpp/executor_options.hpp:20[m[K,
[2.201s]                  from [01m[K/opt/ros/humble/include/rclcpp/rclcpp/executor.hpp:37[m[K,
[2.201s]                  from [01m[K/opt/ros/humble/include/rclcpp/rclcpp/executors/multi_threaded_executor.hpp:25[m[K,
[2.201s]                  from [01m[K/opt/ros/humble/include/rclcpp/rclcpp/executors.hpp:21[m[K,
[2.201s]                  from [01m[K/opt/ros/humble/include/rclcpp/rclcpp/rclcpp.hpp:155[m[K,
[2.201s]                  from [01m[K/home/alen/Desktop/Challenge_WS/src/demo/src/lifecycle_publisher.cpp:4[m[K:
[2.201s] [01m[K/opt/ros/humble/include/rclcpp/rclcpp/logger.hpp:106:17:[m[K [01;36m[Knote: [m[Kâ€˜[01m[Krclcpp::get_logger[m[Kâ€™ declared here
[2.201s]   106 |   friend Logger [01;36m[Krclcpp[m[K::get_logger(const std::string & name);
[2.201s]       |                 [01;36m[K^~~~~~[m[K
[2.201s] In file included from [01m[K/opt/ros/humble/include/rclcpp/rclcpp/client.hpp:40[m[K,
[2.201s]                  from [01m[K/opt/ros/humble/include/rclcpp/rclcpp/callback_group.hpp:24[m[K,
[2.201s]                  from [01m[K/opt/ros/humble/include/rclcpp/rclcpp/any_executable.hpp:20[m[K,
[2.202s]                  from [01m[K/opt/ros/humble/include/rclcpp/rclcpp/memory_strategy.hpp:25[m[K,
[2.202s]                  from [01m[K/opt/ros/humble/include/rclcpp/rclcpp/memory_strategies.hpp:18[m[K,
[2.202s]                  from [01m[K/opt/ros/humble/include/rclcpp/rclcpp/executor_options.hpp:20[m[K,
[2.202s]                  from [01m[K/opt/ros/humble/include/rclcpp/rclcpp/executor.hpp:37[m[K,
[2.202s]                  from [01m[K/opt/ros/humble/include/rclcpp/rclcpp/executors/multi_threaded_executor.hpp:25[m[K,
[2.202s]                  from [01m[K/opt/ros/humble/include/rclcpp/rclcpp/executors.hpp:21[m[K,
[2.202s]                  from [01m[K/opt/ros/humble/include/rclcpp/rclcpp/rclcpp.hpp:155[m[K,
[2.202s]                  from [01m[K/home/alen/Desktop/Challenge_WS/src/demo/src/lifecycle_publisher.cpp:4[m[K:
[2.202s] [01m[K/home/alen/Desktop/Challenge_WS/src/demo/src/lifecycle_publisher.cpp:78:5:[m[K [01;31m[Kerror: [m[Ktemplate argument 1 is invalid
[2.202s]    78 |     [01;31m[KRCLCPP_INFO[m[K(get_logger(), "Shutting down publisher...");
[2.202s]       |     [01;31m[K^~~~~~~~~~~[m[K
[2.202s] [01m[K/home/alen/Desktop/Challenge_WS/src/demo/src/lifecycle_publisher.cpp:78:5:[m[K [01;31m[Kerror: [m[Ktemplate argument 1 is invalid
[2.202s]    78 |     [01;31m[KRCLCPP_INFO[m[K(get_logger(), "Shutting down publisher...");
[2.202s]       |     [01;31m[K^~~~~~~~~~~[m[K
[2.202s] [01m[K/home/alen/Desktop/Challenge_WS/src/demo/src/lifecycle_publisher.cpp:78:5:[m[K [01;31m[Kerror: [m[Ktemplate argument 1 is invalid
[2.202s]    78 |     [01;31m[KRCLCPP_INFO[m[K(get_logger(), "Shutting down publisher...");
[2.202s]       |     [01;31m[K^~~~~~~~~~~[m[K
[2.203s] [01m[K/home/alen/Desktop/Challenge_WS/src/demo/src/lifecycle_publisher.cpp:[m[K At global scope:
[2.203s] [01m[K/home/alen/Desktop/Challenge_WS/src/demo/src/lifecycle_publisher.cpp:82:1:[m[K [01;31m[Kerror: [m[Kexpected unqualified-id before â€˜[01m[Kprivate[m[Kâ€™
[2.203s]    82 | [01;31m[Kprivate[m[K:
[2.203s]       | [01;31m[K^~~~~~~[m[K
[2.203s] [01m[K/home/alen/Desktop/Challenge_WS/src/demo/src/lifecycle_publisher.cpp:85:1:[m[K [01;31m[Kerror: [m[Kexpected declaration before â€˜[01m[K}[m[Kâ€™ token
[2.203s]    85 | [01;31m[K}[m[K;
[2.203s]       | [01;31m[K^[m[K
[2.585s] gmake[2]: *** [CMakeFiles/lifecycle_publisher.dir/build.make:76: CMakeFiles/lifecycle_publisher.dir/src/lifecycle_publisher.cpp.o] Error 1
[2.585s] gmake[1]: *** [CMakeFiles/Makefile2:141: CMakeFiles/lifecycle_publisher.dir/all] Error 2
[2.585s] gmake[1]: *** Waiting for unfinished jobs....
[4.232s] gmake[2]: *** [CMakeFiles/lifecycle_subscriber.dir/build.make:76: CMakeFiles/lifecycle_subscriber.dir/src/lifecycle_subscriber.cpp.o] Error 1
[4.232s] gmake[1]: *** [CMakeFiles/Makefile2:167: CMakeFiles/lifecycle_subscriber.dir/all] Error 2
[4.232s] gmake: *** [Makefile:146: all] Error 2
[4.235s] Invoked command in '/home/alen/Desktop/Challenge_WS/build/demo' returned '2': CMAKE_PREFIX_PATH=/opt/ros/humble /usr/bin/cmake --build /home/alen/Desktop/Challenge_WS/build/demo -- -j16 -l16
