[0.011s] Invoking command in '/home/alen/Desktop/Challenge_WS/build/demo': CMAKE_PREFIX_PATH=/opt/ros/humble /usr/bin/cmake --build /home/alen/Desktop/Challenge_WS/build/demo -- -j16 -l16
[0.054s] [35m[1mConsolidate compiler generated dependencies of target lifecycle_publisher[0m
[0.054s] [35m[1mConsolidate compiler generated dependencies of target lifecycle_subscriber[0m
[0.054s] [35m[1mConsolidate compiler generated dependencies of target lifecycle_manager[0m
[0.079s] [ 33%] [32mBuilding CXX object CMakeFiles/lifecycle_manager.dir/src/lifecycle_manager.cpp.o[0m
[0.079s] [ 33%] [32mBuilding CXX object CMakeFiles/lifecycle_subscriber.dir/src/lifecycle_subscriber.cpp.o[0m
[0.083s] [ 50%] [32mBuilding CXX object CMakeFiles/lifecycle_publisher.dir/src/lifecycle_publisher.cpp.o[0m
[2.164s] [01m[K/home/alen/Desktop/Challenge_WS/src/demo/src/lifecycle_subscriber.cpp:12:3:[m[K [01;31m[Kerror: [m[KISO C++ forbids declaration of â€˜[01m[KLifecyclePublisher[m[Kâ€™ with no type [[01;31m[K]8;;https://gcc.gnu.org/onlinedocs/gcc/Warning-Options.html#index-fpermissive-fpermissive]8;;[m[K]
[2.164s]    12 |   [01;31m[KLifecyclePublisher[m[K(): rclcpp_lifecycle::LifecycleNode("subscriber"
[2.164s]       |   [01;31m[K^~~~~~~~~~~~~~~~~~[m[K
[2.201s] [01m[K/home/alen/Desktop/Challenge_WS/src/demo/src/lifecycle_subscriber.cpp:[m[K In member function â€˜[01m[Kint LifecycleSubscriber::LifecyclePublisher()[m[Kâ€™:
[2.201s] [01m[K/home/alen/Desktop/Challenge_WS/src/demo/src/lifecycle_subscriber.cpp:12:25:[m[K [01;31m[Kerror: [m[Konly constructors take member initializers
[2.201s]    12 |   LifecyclePublisher(): [01;31m[Krclcpp_lifecycle[m[K::LifecycleNode("subscriber"
[2.201s]       |                         [01;31m[K^~~~~~~~~~~~~~~~[m[K
[2.201s] [01m[K/home/alen/Desktop/Challenge_WS/src/demo/src/lifecycle_subscriber.cpp:13:28:[m[K [01;31m[Kerror: [m[Kâ€˜[01m[Kclass rclcpp::NodeOptions[m[Kâ€™ has no member named â€˜[01m[Knamespace_[m[Kâ€™
[2.201s]    13 |     ,rclcpp::NodeOptions().[01;31m[Knamespace_[m[K("/demo"), active_(false))
[2.201s]       |                            [01;31m[K^~~~~~~~~~[m[K
[2.201s] [01m[K/home/alen/Desktop/Challenge_WS/src/demo/src/lifecycle_subscriber.cpp:13:56:[m[K [01;31m[Kerror: [m[Kexpression cannot be used as a function
[2.201s]    13 |     ,rclcpp::NodeOptions().namespace_("/demo"), [01;31m[Kactive_(false)[m[K)
[2.201s]       |                                                 [01;31m[K~~~~~~~^~~~~~~[m[K
[2.201s] [01m[K/home/alen/Desktop/Challenge_WS/src/demo/src/lifecycle_subscriber.cpp:14:4:[m[K [01;35m[Kwarning: [m[Kno return statement in function returning non-void [[01;35m[K]8;;https://gcc.gnu.org/onlinedocs/gcc/Warning-Options.html#index-Wreturn-type-Wreturn-type]8;;[m[K]
[2.202s]    14 |   {[01;35m[K}[m[K
[2.202s]       |    [01;35m[K^[m[K
[2.254s] [01m[K/home/alen/Desktop/Challenge_WS/src/demo/src/lifecycle_publisher.cpp:[m[K In constructor â€˜[01m[KLifecyclePublisher::LifecyclePublisher()[m[Kâ€™:
[2.254s] [01m[K/home/alen/Desktop/Challenge_WS/src/demo/src/lifecycle_publisher.cpp:16:91:[m[K [01;31m[Kerror: [m[Kâ€˜[01m[Kclass rclcpp::NodeOptions[m[Kâ€™ has no member named â€˜[01m[Knamespace_[m[Kâ€™
[2.255s]    16 | _lifecycle::LifecycleNode("publisher",rclcpp::NodeOptions().[01;31m[Knamespace_[m[K("/demo"))
[2.255s]       |                                                             [01;31m[K^~~~~~~~~~[m[K
[2.255s] 
[2.748s] In file included from [01m[K/usr/include/x86_64-linux-gnu/c++/11/bits/c++allocator.h:33[m[K,
[2.748s]                  from [01m[K/usr/include/c++/11/bits/allocator.h:46[m[K,
[2.748s]                  from [01m[K/usr/include/c++/11/memory:64[m[K,
[2.748s]                  from [01m[K/home/alen/Desktop/Challenge_WS/src/demo/src/lifecycle_subscriber.cpp:1[m[K:
[2.748s] /usr/include/c++/11/ext/new_allocator.h: In instantiation of â€˜[01m[Kvoid __gnu_cxx::new_allocator<_Tp>::construct(_Up*, _Args&& ...) [with _Up = LifecycleSubscriber; _Args = {}; _Tp = LifecycleSubscriber][m[Kâ€™:
[2.748s] [01m[K/usr/include/c++/11/bits/alloc_traits.h:516:17:[m[K   required from â€˜[01m[Kstatic void std::allocator_traits<std::allocator<_Tp1> >::construct(std::allocator_traits<std::allocator<_Tp1> >::allocator_type&, _Up*, _Args&& ...) [with _Up = LifecycleSubscriber; _Args = {}; _Tp = LifecycleSubscriber; std::allocator_traits<std::allocator<_Tp1> >::allocator_type = std::allocator<LifecycleSubscriber>][m[Kâ€™
[2.748s] [01m[K/usr/include/c++/11/bits/shared_ptr_base.h:519:39:[m[K   required from â€˜[01m[Kstd::_Sp_counted_ptr_inplace<_Tp, _Alloc, _Lp>::_Sp_counted_ptr_inplace(_Alloc, _Args&& ...) [with _Args = {}; _Tp = LifecycleSubscriber; _Alloc = std::allocator<LifecycleSubscriber>; __gnu_cxx::_Lock_policy _Lp = __gnu_cxx::_S_atomic][m[Kâ€™
[2.748s] [01m[K/usr/include/c++/11/bits/shared_ptr_base.h:650:16:[m[K   required from â€˜[01m[Kstd::__shared_count<_Lp>::__shared_count(_Tp*&, std::_Sp_alloc_shared_tag<_Alloc>, _Args&& ...) [with _Tp = LifecycleSubscriber; _Alloc = std::allocator<LifecycleSubscriber>; _Args = {}; __gnu_cxx::_Lock_policy _Lp = __gnu_cxx::_S_atomic][m[Kâ€™
[2.748s] [01m[K/usr/include/c++/11/bits/shared_ptr_base.h:1342:14:[m[K   required from â€˜[01m[Kstd::__shared_ptr<_Tp, _Lp>::__shared_ptr(std::_Sp_alloc_shared_tag<_Tp>, _Args&& ...) [with _Alloc = std::allocator<LifecycleSubscriber>; _Args = {}; _Tp = LifecycleSubscriber; __gnu_cxx::_Lock_policy _Lp = __gnu_cxx::_S_atomic][m[Kâ€™
[2.748s] [01m[K/usr/include/c++/11/bits/shared_ptr.h:409:59:[m[K   required from â€˜[01m[Kstd::shared_ptr<_Tp>::shared_ptr(std::_Sp_alloc_shared_tag<_Tp>, _Args&& ...) [with _Alloc = std::allocator<LifecycleSubscriber>; _Args = {}; _Tp = LifecycleSubscriber][m[Kâ€™
[2.748s] [01m[K/usr/include/c++/11/bits/shared_ptr.h:862:14:[m[K   required from â€˜[01m[Kstd::shared_ptr<_Tp> std::allocate_shared(const _Alloc&, _Args&& ...) [with _Tp = LifecycleSubscriber; _Alloc = std::allocator<LifecycleSubscriber>; _Args = {}][m[Kâ€™
[2.748s] [01m[K/usr/include/c++/11/bits/shared_ptr.h:878:39:[m[K   required from â€˜[01m[Kstd::shared_ptr<_Tp> std::make_shared(_Args&& ...) [with _Tp = LifecycleSubscriber; _Args = {}][m[Kâ€™
[2.748s] [01m[K/home/alen/Desktop/Challenge_WS/src/demo/src/lifecycle_subscriber.cpp:67:52:[m[K   required from here
[2.749s] [01m[K/usr/include/c++/11/ext/new_allocator.h:162:11:[m[K [01;31m[Kerror: [m[Kuse of deleted function â€˜[01m[KLifecycleSubscriber::LifecycleSubscriber()[m[Kâ€™
[2.749s]   162 |         { [01;31m[K::new((void *)__p) _Up(std::forward<_Args>(__args)...)[m[K; }
[2.749s]       |           [01;31m[K^~~~~~~~~~~~~~~~~~~~~~~~~~~~~~~~~~~~~~~~~~~~~~~~~~~~~~[m[K
[2.749s] [01m[K/home/alen/Desktop/Challenge_WS/src/demo/src/lifecycle_subscriber.cpp:9:7:[m[K [01;36m[Knote: [m[Kâ€˜[01m[KLifecycleSubscriber::LifecycleSubscriber()[m[Kâ€™ is implicitly deleted because the default definition would be ill-formed:
[2.749s]     9 | class [01;36m[KLifecycleSubscriber[m[K : public rclcpp_lifecycle::LifecycleNode
[2.749s]       |       [01;36m[K^~~~~~~~~~~~~~~~~~~[m[K
[2.749s] [01m[K/home/alen/Desktop/Challenge_WS/src/demo/src/lifecycle_subscriber.cpp:9:7:[m[K [01;31m[Kerror: [m[Kno matching function for call to â€˜[01m[Krclcpp_lifecycle::LifecycleNode::LifecycleNode()[m[Kâ€™
[2.749s] In file included from [01m[K/home/alen/Desktop/Challenge_WS/src/demo/src/lifecycle_subscriber.cpp:3[m[K:
[2.749s] [01m[K/opt/ros/humble/include/rclcpp_lifecycle/rclcpp_lifecycle/lifecycle_node.hpp:148:3:[m[K [01;36m[Knote: [m[Kcandidate: â€˜[01m[Krclcpp_lifecycle::LifecycleNode::LifecycleNode(const string&, const string&, const rclcpp::NodeOptions&, bool)[m[Kâ€™
[2.749s]   148 |   [01;36m[KLifecycleNode[m[K(
[2.749s]       |   [01;36m[K^~~~~~~~~~~~~[m[K
[2.749s] [01m[K/opt/ros/humble/include/rclcpp_lifecycle/rclcpp_lifecycle/lifecycle_node.hpp:148:3:[m[K [01;36m[Knote: [m[K  candidate expects 4 arguments, 0 provided
[2.749s] [01m[K/opt/ros/humble/include/rclcpp_lifecycle/rclcpp_lifecycle/lifecycle_node.hpp:135:12:[m[K [01;36m[Knote: [m[Kcandidate: â€˜[01m[Krclcpp_lifecycle::LifecycleNode::LifecycleNode(const string&, const rclcpp::NodeOptions&, bool)[m[Kâ€™
[2.750s]   135 |   explicit [01;36m[KLifecycleNode[m[K(
[2.750s]       |            [01;36m[K^~~~~~~~~~~~~[m[K
[2.750s] [01m[K/opt/ros/humble/include/rclcpp_lifecycle/rclcpp_lifecycle/lifecycle_node.hpp:135:12:[m[K [01;36m[Knote: [m[K  candidate expects 3 arguments, 0 provided
[2.992s] gmake[2]: *** [CMakeFiles/lifecycle_publisher.dir/build.make:76: CMakeFiles/lifecycle_publisher.dir/src/lifecycle_publisher.cpp.o] Error 1
[2.992s] gmake[1]: *** [CMakeFiles/Makefile2:141: CMakeFiles/lifecycle_publisher.dir/all] Error 2
[2.992s] gmake[1]: *** Waiting for unfinished jobs....
[3.377s] [ 66%] [32m[1mLinking CXX executable lifecycle_manager[0m
[3.549s] [ 66%] Built target lifecycle_manager
[4.234s] gmake[2]: *** [CMakeFiles/lifecycle_subscriber.dir/build.make:76: CMakeFiles/lifecycle_subscriber.dir/src/lifecycle_subscriber.cpp.o] Error 1
[4.234s] gmake[1]: *** [CMakeFiles/Makefile2:167: CMakeFiles/lifecycle_subscriber.dir/all] Error 2
[4.234s] gmake: *** [Makefile:146: all] Error 2
[4.237s] Invoked command in '/home/alen/Desktop/Challenge_WS/build/demo' returned '2': CMAKE_PREFIX_PATH=/opt/ros/humble /usr/bin/cmake --build /home/alen/Desktop/Challenge_WS/build/demo -- -j16 -l16
