[0.015s] Invoking command in '/home/alen/Desktop/Challenge_WS/build/demo': CMAKE_PREFIX_PATH=/opt/ros/humble /usr/bin/cmake --build /home/alen/Desktop/Challenge_WS/build/demo -- -j16 -l16
[0.061s] [35m[1mConsolidate compiler generated dependencies of target lifecycle_manager[0m
[0.061s] [35m[1mConsolidate compiler generated dependencies of target lifecycle_subscriber[0m
[0.061s] [35m[1mConsolidate compiler generated dependencies of target lifecycle_publisher[0m
[0.084s] [ 33%] Built target lifecycle_manager
[0.088s] [ 66%] [32mBuilding CXX object CMakeFiles/lifecycle_subscriber.dir/src/lifecycle_subscriber.cpp.o[0m
[0.088s] [ 66%] [32mBuilding CXX object CMakeFiles/lifecycle_publisher.dir/src/lifecycle_publisher.cpp.o[0m
[2.136s] [01m[K/home/alen/Desktop/Challenge_WS/src/demo/src/lifecycle_publisher.cpp:[m[K In constructor â€˜[01m[KLifecyclePublisher::LifecyclePublisher()[m[Kâ€™:
[2.136s] [01m[K/home/alen/Desktop/Challenge_WS/src/demo/src/lifecycle_publisher.cpp:16:91:[m[K [01;31m[Kerror: [m[Kâ€˜[01m[Kclass rclcpp::NodeOptions[m[Kâ€™ has no member named â€˜[01m[Knamespace_[m[Kâ€™
[2.136s]    16 | _lifecycle::LifecycleNode("publisher",rclcpp::NodeOptions().[01;31m[Knamespace_[m[K("/demo"))
[2.136s]       |                                                             [01;31m[K^~~~~~~~~~[m[K
[2.136s] 
[2.184s] [01m[K/home/alen/Desktop/Challenge_WS/src/demo/src/lifecycle_subscriber.cpp:[m[K In constructor â€˜[01m[KLifecycleSubscriber::LifecycleSubscriber()[m[Kâ€™:
[2.184s] [01m[K/home/alen/Desktop/Challenge_WS/src/demo/src/lifecycle_subscriber.cpp:13:73:[m[K [01;31m[Kerror: [m[Kâ€˜[01m[Kclass rclcpp::NodeOptions[m[Kâ€™ has no member named â€˜[01m[Knamespace_[m[Kâ€™
[2.184s]    13 |   : rclcpp_lifecycle::LifecycleNode("subscriber", rclcpp::NodeOptions().[01;31m[Knamespace_[m[K("/demo")),
[2.185s]       |                                                                         [01;31m[K^~~~~~~~~~[m[K
[2.826s] gmake[2]: *** [CMakeFiles/lifecycle_publisher.dir/build.make:76: CMakeFiles/lifecycle_publisher.dir/src/lifecycle_publisher.cpp.o] Error 1
[2.826s] gmake[1]: *** [CMakeFiles/Makefile2:141: CMakeFiles/lifecycle_publisher.dir/all] Error 2
[2.826s] gmake[1]: *** Waiting for unfinished jobs....
[4.264s] gmake[2]: *** [CMakeFiles/lifecycle_subscriber.dir/build.make:76: CMakeFiles/lifecycle_subscriber.dir/src/lifecycle_subscriber.cpp.o] Error 1
[4.264s] gmake[1]: *** [CMakeFiles/Makefile2:167: CMakeFiles/lifecycle_subscriber.dir/all] Error 2
[4.265s] gmake: *** [Makefile:146: all] Error 2
[4.268s] Invoked command in '/home/alen/Desktop/Challenge_WS/build/demo' returned '2': CMAKE_PREFIX_PATH=/opt/ros/humble /usr/bin/cmake --build /home/alen/Desktop/Challenge_WS/build/demo -- -j16 -l16
