[0.015s] Invoking command in '/home/alen/Desktop/Challenge_WS/build/demo': CMAKE_PREFIX_PATH=/opt/ros/humble /usr/bin/cmake --build /home/alen/Desktop/Challenge_WS/build/demo -- -j16 -l16
[0.059s] [35m[1mConsolidate compiler generated dependencies of target lifecycle_manager[0m
[0.073s] [ 33%] Built target lifecycle_publisher
[0.073s] [ 66%] Built target lifecycle_subscriber
[0.083s] [ 83%] [32mBuilding CXX object CMakeFiles/lifecycle_manager.dir/src/lifecycle_manager.cpp.o[0m
[2.214s] [01m[K/home/alen/Desktop/Challenge_WS/src/demo/src/lifecycle_manager.cpp:[m[K In member function â€˜[01m[Kvoid LifecycleManager::force_to_shutdown_ready(const string&)[m[Kâ€™:
[2.215s] [01m[K/home/alen/Desktop/Challenge_WS/src/demo/src/lifecycle_manager.cpp:124:70:[m[K [01;31m[Kerror: [m[Kâ€˜[01m[KTRANSITION_FINALIZE[m[Kâ€™ is not a member of â€˜[01m[Klifecycle_msgs::msg::Transition[m[Kâ€™ {aka â€˜[01m[Klifecycle_msgs::msg::Transition_<std::allocator<void> >[m[Kâ€™}
[2.215s]   124 |             call_change_state(node, lifecycle_msgs::msg::Transition::[01;31m[KTRANSITION_FINALIZE[m[K);
[2.215s]       |                                                                      [01;31m[K^~~~~~~~~~~~~~~~~~~[m[K
[2.215s] [01m[K/home/alen/Desktop/Challenge_WS/src/demo/src/lifecycle_manager.cpp:[m[K In member function â€˜[01m[Kvoid LifecycleManager::shutdown_all()[m[Kâ€™:
[2.216s] [01m[K/home/alen/Desktop/Challenge_WS/src/demo/src/lifecycle_manager.cpp:143:64:[m[K [01;31m[Kerror: [m[Kâ€˜[01m[KTRANSITION_FINALIZE[m[Kâ€™ is not a member of â€˜[01m[Klifecycle_msgs::msg::Transition[m[Kâ€™ {aka â€˜[01m[Klifecycle_msgs::msg::Transition_<std::allocator<void> >[m[Kâ€™}
[2.216s]   143 |       call_change_state(node, lifecycle_msgs::msg::Transition::[01;31m[KTRANSITION_FINALIZE[m[K);
[2.216s]       |                                                                [01;31m[K^~~~~~~~~~~~~~~~~~~[m[K
[2.216s] [01m[K/home/alen/Desktop/Challenge_WS/src/demo/src/lifecycle_manager.cpp:[m[K In member function â€˜[01m[Kvoid LifecycleManager::transition(const string&, const string&)[m[Kâ€™:
[2.216s] [01m[K/home/alen/Desktop/Challenge_WS/src/demo/src/lifecycle_manager.cpp:158:64:[m[K [01;31m[Kerror: [m[Kâ€˜[01m[KTRANSITION_FINALIZE[m[Kâ€™ is not a member of â€˜[01m[Klifecycle_msgs::msg::Transition[m[Kâ€™ {aka â€˜[01m[Klifecycle_msgs::msg::Transition_<std::allocator<void> >[m[Kâ€™}
[2.216s]   158 |       call_change_state(node, lifecycle_msgs::msg::Transition::[01;31m[KTRANSITION_FINALIZE[m[K);
[2.217s]       |                                                                [01;31m[K^~~~~~~~~~~~~~~~~~~[m[K
[2.844s] gmake[2]: *** [CMakeFiles/lifecycle_manager.dir/build.make:76: CMakeFiles/lifecycle_manager.dir/src/lifecycle_manager.cpp.o] Error 1
[2.844s] gmake[1]: *** [CMakeFiles/Makefile2:193: CMakeFiles/lifecycle_manager.dir/all] Error 2
[2.845s] gmake: *** [Makefile:146: all] Error 2
[2.847s] Invoked command in '/home/alen/Desktop/Challenge_WS/build/demo' returned '2': CMAKE_PREFIX_PATH=/opt/ros/humble /usr/bin/cmake --build /home/alen/Desktop/Challenge_WS/build/demo -- -j16 -l16
